<?xml version="1.0" encoding="UTF-8"?>
<!-- Generated by org.testng.reporters.JUnitReportReporter -->
<testsuite hostname="Praveens-MBP" failures="0" tests="5" name="testcase.FirstTest" time="100.710" errors="0" timestamp="2024-05-27T13:47:27 IST" skipped="0">
  <testcase classname="testcase.FirstTest" name="LoginIn" time="20.256"/>
  <testcase classname="testcase.FirstTest" name="LoginIn" time="23.791"/>
  <testcase classname="testcase.FirstTest" name="LoginIn" time="22.631"/>
  <testcase classname="testcase.FirstTest" name="LoginIn" time="17.951"/>
  <testcase classname="testcase.FirstTest" name="LoginIn" time="16.081"/>
</testsuite> <!-- testcase.FirstTest -->
